<?xml version="1.0" encoding="UTF-8"?>
<testsuite xmlns:xsi="http://www.w3.org/2001/XMLSchema-instance" xsi:noNamespaceSchemaLocation="https://maven.apache.org/surefire/maven-surefire-plugin/xsd/surefire-test-report-3.0.xsd" version="3.0" name="com.minidb.MiniDbApplicationTests" time="0.437" tests="6" errors="0" skipped="0" failures="0">
  <properties>
[...]
</properties>
  <testcase name="testScan" classname="com.minidb.MiniDbApplicationTests" time="0.221">
    <system-out><![CDATA[18:05:42.681 [main] INFO com.minidb.storage.RocksDbEngine -- RocksDB opened at: C:\Users\vedan\AppData\Local\Temp\junit10713775479091556427\testdb
18:05:42.695 [main] INFO com.minidb.storage.RocksDbEngine -- RocksDB closed
]]></system-out>
  </testcase>
  <testcase name="testPutAndGet" classname="com.minidb.MiniDbApplicationTests" time="0.037">
    <system-out><![CDATA[18:05:42.733 [main] INFO com.minidb.storage.RocksDbEngine -- RocksDB opened at: C:\Users\vedan\AppData\Local\Temp\junit12582465804039504208\testdb
18:05:42.741 [main] INFO com.minidb.storage.RocksDbEngine -- RocksDB closed
]]></system-out>
  </testcase>
  <testcase name="testKeyEncoding" classname="com.minidb.MiniDbApplicationTests" time="0.039">
    <system-out><![CDATA[18:05:42.771 [main] INFO com.minidb.storage.RocksDbEngine -- RocksDB opened at: C:\Users\vedan\AppData\Local\Temp\junit1066082360018722780\testdb
18:05:42.780 [main] INFO com.minidb.storage.RocksDbEngine -- RocksDB closed
]]></system-out>
  </testcase>
  <testcase name="testRaftLog" classname="com.minidb.MiniDbApplicationTests" time="0.045">
    <system-out><![CDATA[18:05:42.817 [main] INFO com.minidb.storage.RocksDbEngine -- RocksDB opened at: C:\Users\vedan\AppData\Local\Temp\junit16706215252385938492\testdb
18:05:42.826 [main] INFO com.minidb.storage.RocksDbEngine -- RocksDB closed
]]></system-out>
  </testcase>
  <testcase name="contextLoads" classname="com.minidb.MiniDbApplicationTests" time="0.037">
    <system-out><![CDATA[18:05:42.859 [main] INFO com.minidb.storage.RocksDbEngine -- RocksDB opened at: C:\Users\vedan\AppData\Local\Temp\junit5403914102193638427\testdb
18:05:42.864 [main] INFO com.minidb.storage.RocksDbEngine -- RocksDB closed
]]></system-out>
  </testcase>
  <testcase name="testDelete" classname="com.minidb.MiniDbApplicationTests" time="0.034">
    <system-out><![CDATA[18:05:42.892 [main] INFO com.minidb.storage.RocksDbEngine -- RocksDB opened at: C:\Users\vedan\AppData\Local\Temp\junit16316409444622065117\testdb
18:05:42.898 [main] INFO com.minidb.storage.RocksDbEngine -- RocksDB closed
]]></system-out>
  </testcase>
</testsuite>